<?xml version="1.0" encoding="UTF-8"?>
<testng-results ignored="0" total="3" passed="3" failed="0" skipped="0">
  <reporter-output>
  </reporter-output>
  <suite started-at="2020-05-21T21:33:17Z" name="Default suite" finished-at="2020-05-21T21:34:57Z" duration-ms="100077">
    <groups>
    </groups>
    <test started-at="2020-05-21T21:33:17Z" name="Default test" finished-at="2020-05-21T21:34:57Z" duration-ms="100077">
      <class name="tests.SuperTechPageTest">
        <test-method is-config="true" signature="openBrowser()[pri:0, instance:tests.SuperTechPageTest@65d6b83b]" started-at="2020-05-21T21:33:17Z" name="openBrowser" finished-at="2020-05-21T21:33:40Z" duration-ms="22361" status="PASS">
          <reporter-output>
          </reporter-output>
        </test-method> <!-- openBrowser -->
        <test-method signature="SuperTech()[pri:0, instance:tests.SuperTechPageTest@65d6b83b]" started-at="2020-05-21T21:33:40Z" name="SuperTech" finished-at="2020-05-21T21:34:15Z" duration-ms="35292" status="PASS">
          <reporter-output>
          </reporter-output>
        </test-method> <!-- SuperTech -->
        <test-method signature="googleTest()[pri:0, instance:tests.SuperTechPageTest@65d6b83b]" started-at="2020-05-21T21:34:15Z" name="googleTest" finished-at="2020-05-21T21:34:29Z" duration-ms="13910" status="PASS">
          <reporter-output>
          </reporter-output>
        </test-method> <!-- googleTest -->
        <test-method signature="iframeTest()[pri:0, instance:tests.SuperTechPageTest@65d6b83b]" started-at="2020-05-21T21:34:29Z" name="iframeTest" finished-at="2020-05-21T21:34:51Z" duration-ms="21458" status="PASS">
          <reporter-output>
          </reporter-output>
        </test-method> <!-- iframeTest -->
        <test-method is-config="true" signature="closeBrowser()[pri:0, instance:tests.SuperTechPageTest@65d6b83b]" started-at="2020-05-21T21:34:51Z" name="closeBrowser" finished-at="2020-05-21T21:34:57Z" duration-ms="6695" status="PASS">
          <reporter-output>
          </reporter-output>
        </test-method> <!-- closeBrowser -->
      </class> <!-- tests.SuperTechPageTest -->
    </test> <!-- Default test -->
  </suite> <!-- Default suite -->
</testng-results>
