<?xml version="1.0" encoding="UTF-8"?>
<!-- Generated by org.testng.reporters.JUnitXMLReporter -->
<testsuite ignored="0" hostname="Alim" failures="0" tests="4" name="Default test" time="34.889" errors="0" timestamp="28 May 2020 21:38:28 GMT">
  <testcase classname="tests.FundTransferPageTest" name="InvalidPayeevalidAmount" time="7.427"/>
  <testcase classname="tests.FundTransferPageTest" name="ValidPayeeInvalidAmount" time="4.86"/>
  <testcase classname="tests.FundTransferPageTest" name="ValidPayeeNoAmount" time="4.465"/>
  <testcase classname="tests.FundTransferPageTest" name="ValidPayeeValidAmount" time="4.416"/>
</testsuite> <!-- Default test -->
