<?xml version="1.0" encoding="UTF-8"?>
<testng-results skipped="0" failed="1" ignored="0" total="17" passed="16">
  <reporter-output>
  </reporter-output>
  <suite name="Default suite" duration-ms="414921" started-at="2020-06-11T20:55:32Z" finished-at="2020-06-11T21:02:27Z">
    <groups>
      <group name="cucumber">
        <method signature="AbstractTestNGCucumberTests.runScenario(io.cucumber.testng.PickleEventWrapper, io.cucumber.testng.CucumberFeatureWrapper)[pri:0, instance:runner.TestRunner@1e127982]" name="runScenario" class="io.cucumber.testng.AbstractTestNGCucumberTests"/>
      </group> <!-- cucumber -->
    </groups>
    <test name="Default test" duration-ms="414921" started-at="2020-06-11T20:55:32Z" finished-at="2020-06-11T21:02:27Z">
      <class name="runner.TestRunner">
        <test-method status="PASS" signature="setUpClass()[pri:0, instance:runner.TestRunner@1e127982]" name="setUpClass" is-config="true" duration-ms="704" started-at="2020-06-11T20:55:32Z" finished-at="2020-06-11T20:55:33Z">
          <reporter-output>
          </reporter-output>
        </test-method> <!-- setUpClass -->
        <test-method status="PASS" signature="runScenario(io.cucumber.testng.PickleEventWrapper, io.cucumber.testng.CucumberFeatureWrapper)[pri:0, instance:runner.TestRunner@1e127982]" name="runScenario" duration-ms="19412" started-at="2020-06-11T20:55:33Z" description="Runs Cucumber Scenarios" data-provider="scenarios" finished-at="2020-06-11T20:55:53Z">
          <params>
            <param index="0">
              <value>
                <![CDATA["Height and No Weight"]]>
              </value>
            </param>
            <param index="1">
              <value>
                <![CDATA["BMI Calculator Functionality"]]>
              </value>
            </param>
          </params>
          <reporter-output>
          </reporter-output>
        </test-method> <!-- runScenario -->
        <test-method status="PASS" signature="runScenario(io.cucumber.testng.PickleEventWrapper, io.cucumber.testng.CucumberFeatureWrapper)[pri:0, instance:runner.TestRunner@1e127982]" name="runScenario" duration-ms="10571" started-at="2020-06-11T20:55:53Z" description="Runs Cucumber Scenarios" data-provider="scenarios" finished-at="2020-06-11T20:56:03Z">
          <params>
            <param index="0">
              <value>
                <![CDATA["No Height and Weight"]]>
              </value>
            </param>
            <param index="1">
              <value>
                <![CDATA["BMI Calculator Functionality"]]>
              </value>
            </param>
          </params>
          <reporter-output>
          </reporter-output>
        </test-method> <!-- runScenario -->
        <test-method status="PASS" signature="runScenario(io.cucumber.testng.PickleEventWrapper, io.cucumber.testng.CucumberFeatureWrapper)[pri:0, instance:runner.TestRunner@1e127982]" name="runScenario" duration-ms="10157" started-at="2020-06-11T20:56:03Z" description="Runs Cucumber Scenarios" data-provider="scenarios" finished-at="2020-06-11T20:56:13Z">
          <params>
            <param index="0">
              <value>
                <![CDATA["Category Normal"]]>
              </value>
            </param>
            <param index="1">
              <value>
                <![CDATA["BMI Calculator Functionality"]]>
              </value>
            </param>
          </params>
          <reporter-output>
          </reporter-output>
        </test-method> <!-- runScenario -->
        <test-method status="PASS" signature="runScenario(io.cucumber.testng.PickleEventWrapper, io.cucumber.testng.CucumberFeatureWrapper)[pri:0, instance:runner.TestRunner@1e127982]" name="runScenario" duration-ms="9082" started-at="2020-06-11T20:56:13Z" description="Runs Cucumber Scenarios" data-provider="scenarios" finished-at="2020-06-11T20:56:22Z">
          <params>
            <param index="0">
              <value>
                <![CDATA["Category Overweight"]]>
              </value>
            </param>
            <param index="1">
              <value>
                <![CDATA["BMI Calculator Functionality"]]>
              </value>
            </param>
          </params>
          <reporter-output>
          </reporter-output>
        </test-method> <!-- runScenario -->
        <test-method status="PASS" signature="runScenario(io.cucumber.testng.PickleEventWrapper, io.cucumber.testng.CucumberFeatureWrapper)[pri:0, instance:runner.TestRunner@1e127982]" name="runScenario" duration-ms="9336" started-at="2020-06-11T20:56:22Z" description="Runs Cucumber Scenarios" data-provider="scenarios" finished-at="2020-06-11T20:56:32Z">
          <params>
            <param index="0">
              <value>
                <![CDATA["Category Underweight"]]>
              </value>
            </param>
            <param index="1">
              <value>
                <![CDATA["BMI Calculator Functionality"]]>
              </value>
            </param>
          </params>
          <reporter-output>
          </reporter-output>
        </test-method> <!-- runScenario -->
        <test-method status="PASS" signature="runScenario(io.cucumber.testng.PickleEventWrapper, io.cucumber.testng.CucumberFeatureWrapper)[pri:0, instance:runner.TestRunner@1e127982]" name="runScenario" duration-ms="9232" started-at="2020-06-11T20:56:32Z" description="Runs Cucumber Scenarios" data-provider="scenarios" finished-at="2020-06-11T20:56:41Z">
          <params>
            <param index="0">
              <value>
                <![CDATA["Category Obesity"]]>
              </value>
            </param>
            <param index="1">
              <value>
                <![CDATA["BMI Calculator Functionality"]]>
              </value>
            </param>
          </params>
          <reporter-output>
          </reporter-output>
        </test-method> <!-- runScenario -->
        <test-method status="FAIL" signature="runScenario(io.cucumber.testng.PickleEventWrapper, io.cucumber.testng.CucumberFeatureWrapper)[pri:0, instance:runner.TestRunner@1e127982]" name="runScenario" duration-ms="37006" started-at="2020-06-11T20:56:41Z" description="Runs Cucumber Scenarios" data-provider="scenarios" finished-at="2020-06-11T20:57:18Z">
          <params>
            <param index="0">
              <value>
                <![CDATA["Fill up bns Login form"]]>
              </value>
            </param>
            <param index="1">
              <value>
                <![CDATA["Fill up BNS Login  form"]]>
              </value>
            </param>
          </params>
          <exception class="org.openqa.selenium.NoSuchElementException">
            <message>
              <![CDATA[Cannot locate element with text: May
For documentation on this error, please visit: https://www.seleniumhq.org/exceptions/no_such_element.html
Build info: version: '3.141.59', revision: 'e82be7d358', time: '2018-11-14T08:17:03'
System info: host: 'ALIM', ip: '192.168.1.20', os.name: 'Windows 10', os.arch: 'amd64', os.version: '10.0', java.version: '1.8.0_211'
Driver info: driver.version: unknown]]>
            </message>
            <full-stacktrace>
              <![CDATA[org.openqa.selenium.NoSuchElementException: Cannot locate element with text: May
For documentation on this error, please visit: https://www.seleniumhq.org/exceptions/no_such_element.html
Build info: version: '3.141.59', revision: 'e82be7d358', time: '2018-11-14T08:17:03'
System info: host: 'ALIM', ip: '192.168.1.20', os.name: 'Windows 10', os.arch: 'amd64', os.version: '10.0', java.version: '1.8.0_211'
Driver info: driver.version: unknown
at org.openqa.selenium.support.ui.Select.selectByVisibleText(Select.java:147)
at pages.BNSPage.selectDay(BNSPage.java:48)
at step.BNSMultipledataStep.user_Select_month_day_year(BNSMultipledataStep.java:29)
at ✽.User Select month "Jan" day "May" year "2003"(file:src/test/resources/Features/BNSMultipledata.feature:9)
]]>
            </full-stacktrace>
          </exception> <!-- org.openqa.selenium.NoSuchElementException -->
          <reporter-output>
          </reporter-output>
        </test-method> <!-- runScenario -->
        <test-method status="PASS" signature="runScenario(io.cucumber.testng.PickleEventWrapper, io.cucumber.testng.CucumberFeatureWrapper)[pri:0, instance:runner.TestRunner@1e127982]" name="runScenario" duration-ms="44531" started-at="2020-06-11T20:57:18Z" description="Runs Cucumber Scenarios" data-provider="scenarios" finished-at="2020-06-11T20:58:03Z">
          <params>
            <param index="0">
              <value>
                <![CDATA["Fill up bns Login form"]]>
              </value>
            </param>
            <param index="1">
              <value>
                <![CDATA["Fill up BNS Login  form"]]>
              </value>
            </param>
          </params>
          <reporter-output>
          </reporter-output>
        </test-method> <!-- runScenario -->
        <test-method status="PASS" signature="runScenario(io.cucumber.testng.PickleEventWrapper, io.cucumber.testng.CucumberFeatureWrapper)[pri:0, instance:runner.TestRunner@1e127982]" name="runScenario" duration-ms="41567" started-at="2020-06-11T20:58:03Z" description="Runs Cucumber Scenarios" data-provider="scenarios" finished-at="2020-06-11T20:58:44Z">
          <params>
            <param index="0">
              <value>
                <![CDATA["Fill up bns Login form"]]>
              </value>
            </param>
            <param index="1">
              <value>
                <![CDATA["Fill up BNS Login  form"]]>
              </value>
            </param>
          </params>
          <reporter-output>
          </reporter-output>
        </test-method> <!-- runScenario -->
        <test-method status="PASS" signature="runScenario(io.cucumber.testng.PickleEventWrapper, io.cucumber.testng.CucumberFeatureWrapper)[pri:0, instance:runner.TestRunner@1e127982]" name="runScenario" duration-ms="39596" started-at="2020-06-11T20:58:44Z" description="Runs Cucumber Scenarios" data-provider="scenarios" finished-at="2020-06-11T20:59:24Z">
          <params>
            <param index="0">
              <value>
                <![CDATA["Fill up bns Login form"]]>
              </value>
            </param>
            <param index="1">
              <value>
                <![CDATA["Fill up BNS Login  form"]]>
              </value>
            </param>
          </params>
          <reporter-output>
          </reporter-output>
        </test-method> <!-- runScenario -->
        <test-method status="PASS" signature="runScenario(io.cucumber.testng.PickleEventWrapper, io.cucumber.testng.CucumberFeatureWrapper)[pri:0, instance:runner.TestRunner@1e127982]" name="runScenario" duration-ms="45707" started-at="2020-06-11T20:59:24Z" description="Runs Cucumber Scenarios" data-provider="scenarios" finished-at="2020-06-11T21:00:09Z">
          <params>
            <param index="0">
              <value>
                <![CDATA["Fill up bns Login form"]]>
              </value>
            </param>
            <param index="1">
              <value>
                <![CDATA["Fill up BNS Login  form"]]>
              </value>
            </param>
          </params>
          <reporter-output>
          </reporter-output>
        </test-method> <!-- runScenario -->
        <test-method status="PASS" signature="runScenario(io.cucumber.testng.PickleEventWrapper, io.cucumber.testng.CucumberFeatureWrapper)[pri:0, instance:runner.TestRunner@1e127982]" name="runScenario" duration-ms="38681" started-at="2020-06-11T21:00:09Z" description="Runs Cucumber Scenarios" data-provider="scenarios" finished-at="2020-06-11T21:00:48Z">
          <params>
            <param index="0">
              <value>
                <![CDATA["Fill up bns Login form"]]>
              </value>
            </param>
            <param index="1">
              <value>
                <![CDATA["Fill up BNS Login  form"]]>
              </value>
            </param>
          </params>
          <reporter-output>
          </reporter-output>
        </test-method> <!-- runScenario -->
        <test-method status="PASS" signature="runScenario(io.cucumber.testng.PickleEventWrapper, io.cucumber.testng.CucumberFeatureWrapper)[pri:0, instance:runner.TestRunner@1e127982]" name="runScenario" duration-ms="39119" started-at="2020-06-11T21:00:48Z" description="Runs Cucumber Scenarios" data-provider="scenarios" finished-at="2020-06-11T21:01:27Z">
          <params>
            <param index="0">
              <value>
                <![CDATA["Fill up bns registration form"]]>
              </value>
            </param>
            <param index="1">
              <value>
                <![CDATA["Fill up BNS registration form"]]>
              </value>
            </param>
          </params>
          <reporter-output>
          </reporter-output>
        </test-method> <!-- runScenario -->
        <test-method status="PASS" signature="runScenario(io.cucumber.testng.PickleEventWrapper, io.cucumber.testng.CucumberFeatureWrapper)[pri:0, instance:runner.TestRunner@1e127982]" name="runScenario" duration-ms="16717" started-at="2020-06-11T21:01:27Z" description="Runs Cucumber Scenarios" data-provider="scenarios" finished-at="2020-06-11T21:01:44Z">
          <params>
            <param index="0">
              <value>
                <![CDATA["valid payee and No amount"]]>
              </value>
            </param>
            <param index="1">
              <value>
                <![CDATA["Fund Transfer functionality"]]>
              </value>
            </param>
          </params>
          <reporter-output>
          </reporter-output>
        </test-method> <!-- runScenario -->
        <test-method status="PASS" signature="runScenario(io.cucumber.testng.PickleEventWrapper, io.cucumber.testng.CucumberFeatureWrapper)[pri:0, instance:runner.TestRunner@1e127982]" name="runScenario" duration-ms="13146" started-at="2020-06-11T21:01:44Z" description="Runs Cucumber Scenarios" data-provider="scenarios" finished-at="2020-06-11T21:01:57Z">
          <params>
            <param index="0">
              <value>
                <![CDATA["valid payee and valid amount"]]>
              </value>
            </param>
            <param index="1">
              <value>
                <![CDATA["Fund Transfer functionality"]]>
              </value>
            </param>
          </params>
          <reporter-output>
          </reporter-output>
        </test-method> <!-- runScenario -->
        <test-method status="PASS" signature="runScenario(io.cucumber.testng.PickleEventWrapper, io.cucumber.testng.CucumberFeatureWrapper)[pri:0, instance:runner.TestRunner@1e127982]" name="runScenario" duration-ms="15763" started-at="2020-06-11T21:01:57Z" description="Runs Cucumber Scenarios" data-provider="scenarios" finished-at="2020-06-11T21:02:13Z">
          <params>
            <param index="0">
              <value>
                <![CDATA["valid payee and Invalid amount"]]>
              </value>
            </param>
            <param index="1">
              <value>
                <![CDATA["Fund Transfer functionality"]]>
              </value>
            </param>
          </params>
          <reporter-output>
          </reporter-output>
        </test-method> <!-- runScenario -->
        <test-method status="PASS" signature="runScenario(io.cucumber.testng.PickleEventWrapper, io.cucumber.testng.CucumberFeatureWrapper)[pri:0, instance:runner.TestRunner@1e127982]" name="runScenario" duration-ms="11926" started-at="2020-06-11T21:02:13Z" description="Runs Cucumber Scenarios" data-provider="scenarios" finished-at="2020-06-11T21:02:25Z">
          <params>
            <param index="0">
              <value>
                <![CDATA["Invalid payee and valid amount"]]>
              </value>
            </param>
            <param index="1">
              <value>
                <![CDATA["Fund Transfer functionality"]]>
              </value>
            </param>
          </params>
          <reporter-output>
          </reporter-output>
        </test-method> <!-- runScenario -->
        <test-method status="PASS" signature="tearDownClass()[pri:0, instance:runner.TestRunner@1e127982]" name="tearDownClass" is-config="true" duration-ms="2116" started-at="2020-06-11T21:02:25Z" finished-at="2020-06-11T21:02:27Z">
          <reporter-output>
          </reporter-output>
        </test-method> <!-- tearDownClass -->
      </class> <!-- runner.TestRunner -->
    </test> <!-- Default test -->
  </suite> <!-- Default suite -->
</testng-results>
