<?xml version="1.0" encoding="UTF-8"?>
<testng-results ignored="0" total="4" passed="4" failed="0" skipped="0">
  <reporter-output>
  </reporter-output>
  <suite started-at="2020-05-28T21:37:53Z" name="Default suite" finished-at="2020-05-28T21:38:28Z" duration-ms="34889">
    <groups>
    </groups>
    <test started-at="2020-05-28T21:37:53Z" name="Default test" finished-at="2020-05-28T21:38:28Z" duration-ms="34889">
      <class name="tests.FundTransferPageTest">
        <test-method is-config="true" signature="openBrowser()[pri:0, instance:tests.FundTransferPageTest@d706f19]" started-at="2020-05-28T21:37:53Z" name="openBrowser" finished-at="2020-05-28T21:38:05Z" duration-ms="12042" status="PASS">
          <reporter-output>
          </reporter-output>
        </test-method> <!-- openBrowser -->
        <test-method signature="InvalidPayeevalidAmount()[pri:0, instance:tests.FundTransferPageTest@d706f19]" started-at="2020-05-28T21:38:05Z" name="InvalidPayeevalidAmount" finished-at="2020-05-28T21:38:12Z" duration-ms="7427" status="PASS">
          <reporter-output>
          </reporter-output>
        </test-method> <!-- InvalidPayeevalidAmount -->
        <test-method signature="ValidPayeeInvalidAmount()[pri:0, instance:tests.FundTransferPageTest@d706f19]" started-at="2020-05-28T21:38:12Z" name="ValidPayeeInvalidAmount" finished-at="2020-05-28T21:38:17Z" duration-ms="4860" status="PASS">
          <reporter-output>
          </reporter-output>
        </test-method> <!-- ValidPayeeInvalidAmount -->
        <test-method signature="ValidPayeeNoAmount()[pri:0, instance:tests.FundTransferPageTest@d706f19]" started-at="2020-05-28T21:38:17Z" name="ValidPayeeNoAmount" finished-at="2020-05-28T21:38:22Z" duration-ms="4465" status="PASS">
          <reporter-output>
          </reporter-output>
        </test-method> <!-- ValidPayeeNoAmount -->
        <test-method signature="ValidPayeeValidAmount()[pri:0, instance:tests.FundTransferPageTest@d706f19]" started-at="2020-05-28T21:38:22Z" name="ValidPayeeValidAmount" finished-at="2020-05-28T21:38:26Z" duration-ms="4416" status="PASS">
          <reporter-output>
          </reporter-output>
        </test-method> <!-- ValidPayeeValidAmount -->
        <test-method is-config="true" signature="closeBrowser()[pri:0, instance:tests.FundTransferPageTest@d706f19]" started-at="2020-05-28T21:38:26Z" name="closeBrowser" finished-at="2020-05-28T21:38:28Z" duration-ms="1548" status="PASS">
          <reporter-output>
          </reporter-output>
        </test-method> <!-- closeBrowser -->
      </class> <!-- tests.FundTransferPageTest -->
    </test> <!-- Default test -->
  </suite> <!-- Default suite -->
</testng-results>
