<?xml version="1.0" encoding="UTF-8"?>
<testng-results skipped="0" failed="0" ignored="0" total="1" passed="1">
  <reporter-output>
  </reporter-output>
  <suite name="Default suite" duration-ms="29259" started-at="2020-06-04T20:17:06Z" finished-at="2020-06-04T20:17:35Z">
    <groups>
    </groups>
    <test name="Default test" duration-ms="29259" started-at="2020-06-04T20:17:06Z" finished-at="2020-06-04T20:17:35Z">
      <class name="tests.StudentRegistration">
        <test-method status="PASS" signature="setup()[pri:0, instance:tests.StudentRegistration@73846619]" name="setup" is-config="true" duration-ms="20913" started-at="2020-06-04T20:17:06Z" finished-at="2020-06-04T20:17:27Z">
          <reporter-output>
          </reporter-output>
        </test-method> <!-- setup -->
        <test-method status="PASS" signature="Student()[pri:0, instance:tests.StudentRegistration@73846619]" name="Student" duration-ms="3470" started-at="2020-06-04T20:17:27Z" finished-at="2020-06-04T20:17:31Z">
          <reporter-output>
          </reporter-output>
        </test-method> <!-- Student -->
        <test-method status="PASS" signature="testStatus(org.testng.ITestResult)[pri:0, instance:tests.StudentRegistration@73846619]" name="testStatus" is-config="true" duration-ms="64" started-at="2020-06-04T20:17:31Z" finished-at="2020-06-04T20:17:31Z">
          <params>
            <param index="0">
              <value>
                <![CDATA[[TestResult name=Student status=SUCCESS method=StudentRegistration.Student()[pri:0, instance:tests.StudentRegistration@73846619] output={null}]]]>
              </value>
            </param>
          </params>
          <reporter-output>
          </reporter-output>
        </test-method> <!-- testStatus -->
        <test-method status="PASS" signature="teardown()[pri:0, instance:tests.StudentRegistration@73846619]" name="teardown" is-config="true" duration-ms="4691" started-at="2020-06-04T20:17:31Z" finished-at="2020-06-04T20:17:35Z">
          <reporter-output>
          </reporter-output>
        </test-method> <!-- teardown -->
      </class> <!-- tests.StudentRegistration -->
    </test> <!-- Default test -->
  </suite> <!-- Default suite -->
</testng-results>
