<?xml version="1.0" encoding="UTF-8"?>
<!-- Generated by org.testng.reporters.JUnitXMLReporter -->
<testsuite ignored="0" hostname="Alim" failures="0" tests="3" name="Default test" time="100.077" errors="0" timestamp="21 May 2020 21:34:58 GMT">
  <testcase classname="tests.SuperTechPageTest" name="SuperTech" time="35.292"/>
  <testcase classname="tests.SuperTechPageTest" name="googleTest" time="13.91"/>
  <testcase classname="tests.SuperTechPageTest" name="iframeTest" time="21.458"/>
</testsuite> <!-- Default test -->
