<?xml version="1.0" encoding="UTF-8"?>
<!-- Generated by org.testng.reporters.JUnitXMLReporter -->
<testsuite hostname="Alim" ignored="0" name="Default test" tests="3" failures="0" timestamp="19 May 2020 21:22:28 GMT" time="68.793" errors="0">
  <testcase name="SuperTech" time="21.113" classname="tests.SuperTechPageTest"/>
  <testcase name="googleTest" time="10.63" classname="tests.SuperTechPageTest"/>
  <testcase name="iframeTest" time="13.188" classname="tests.SuperTechPageTest"/>
</testsuite> <!-- Default test -->
